clobj = buildCLObj("https://orangecounty.craigslist.org/d/software-qa-dba-etc/search/sof")
TOTAL ENTRIES:	120

https://orangecounty.craigslist.org/sof/d/junior-database-resource/6680082909.html
20180824.1649
Junior Database Resource.

https://orangecounty.craigslist.org/sof/d/data-science-technician/6680060147.html
20180824.1617
Data Science Technician
http://www.fuscoe.com

https://orangecounty.craigslist.org/sof/d/multiple-senior-software/6679983182.html
20180824.1447
Multiple Senior Software Development Roles At Established, Growing Tec
http://www.lojistic.com

https://orangecounty.craigslist.org/sof/d/net-programmer/6679723949.html
20180824.1047
.NET Programmer
http://www.southcoastcomputers.com

https://orangecounty.craigslist.org/sof/d/software-engineer/6679549737.html
20180824.0822
Software Engineer

https://orangecounty.craigslist.org/sof/d/ui-ux-software-developer/6679095361.html
20180823.1511
UI/UX Software Developer

https://orangecounty.craigslist.org/sof/d/sr-software-engineer/6679069764.html
20180823.1442
Sr. Software Engineer

https://orangecounty.craigslist.org/sof/d/sr-aws-engineer/6679062962.html
20180823.1434
Sr. AWS Engineer

https://orangecounty.craigslist.org/sof/d/program-support-specialist/6678898244.html
20180823.1149
Program Support Specialist - Coast Community College District
https://www.governmentjobs.com

https://orangecounty.craigslist.org/sof/d/mobile-app-software-developer/6678423810.html
20180822.2049
Mobile App Software Developer

https://orangecounty.craigslist.org/sof/d/afterschool-coding-instructor/6676253934.html
20180820.1256
Afterschool Coding Instructor!

https://orangecounty.craigslist.org/sof/d/it-manager/6676227051.html
20180820.1232
IT Manager

https://orangecounty.craigslist.org/sof/d/3-prong-transaction/6675524803.html
20180819.1620
3-Prong Transaction Coordinator / Database Mgmt / Email Marketing Mgmt

https://orangecounty.craigslist.org/sof/d/gis-analyst-specialist-ii/6673782723.html
20180817.1317
GIS Analyst / Specialist II

https://orangecounty.craigslist.org/sof/d/140-6-hour-strategy-session/6673056366.html
20180816.1631
$140 - 6 Hour Strategy Session

https://orangecounty.craigslist.org/sof/d/software-engineer/6672689396.html
20180816.1021
Software Engineer

https://orangecounty.craigslist.org/sof/d/gis-analyst/6672043803.html
20180815.1431
GIS Analyst

https://orangecounty.craigslist.org/sof/d/gis-engineer-developer/6671963337.html
20180815.1311
GIS Engineer / Developer

https://orangecounty.craigslist.org/sof/d/net-software-engineeer/6668206213.html
20180811.0921
.NET Software Engineeer
tomwidroe@icloud.com

https://orangecounty.craigslist.org/sof/d/product-development-engineer/6667725867.html
20180810.1540
Product Development Engineer -Medical Device - So Orange County, CA

https://orangecounty.craigslist.org/sof/d/artificial-intelligence/6667020242.html
20180809.2229
Artificial Intelligence - Software Engineer (Paid/Class Credit) Intern

https://orangecounty.craigslist.org/sof/d/full-stack-developer-mern/6666240998.html
20180809.0642
Full Stack Developer (MERN stack)

https://orangecounty.craigslist.org/sof/d/technical-support-center/6665474353.html
20180808.0914
Technical Support Center Supervisor
http://sqasquared.com

https://orangecounty.craigslist.org/sof/d/quality-analyst/6665194184.html
20180807.2338
Quality Analyst

https://orangecounty.craigslist.org/sof/d/jr-ios-developer/6664073899.html
20180806.1711
Jr. iOS Developer

https://orangecounty.craigslist.org/sof/d/python-django-developer/6661271905.html
20180803.1221
Python / Django Developer

https://orangecounty.craigslist.org/sof/d/lead-developer/6660179445.html
20180802.0951
Lead Developer

https://orangecounty.craigslist.org/sof/d/gis-analyst-specialist-ii/6658388791.html
20180731.1047
GIS Analyst / Specialist II

https://orangecounty.craigslist.org/sof/d/php-drupal-developer-contract/6657627562.html
20180730.1334
PHP Drupal Developer Contract or Onsite
http://www.blankstyle.com

https://orangecounty.craigslist.org/sof/d/senior-software-engineer/6655029093.html
20180727.1224
Senior Software Engineer - Online Casino Game Development

https://orangecounty.craigslist.org/sof/d/experienced-telcomm-service/6654341783.html
20180726.1630
Experienced Telcomm Service &amp; Installation Tech

https://inlandempire.craigslist.org/sof/d/hardware-engineer-nuphoton/6677830853.html
20180822.0908
Hardware Engineer - Nuphoton Technologies Inc.
hr@nuphoton.com

https://inlandempire.craigslist.org/sof/d/senior-net-developer-analyst/6673996394.html
20180817.1716
Senior .Net Developer / Analyst

https://losangeles.craigslist.org/wst/sof/d/programmer-with-good-heart/6680156373.html
20180824.1848
Programmer with a Good Heart and a Great Brain

https://losangeles.craigslist.org/wst/sof/d/phpmysql-developer/6680154385.html
20180824.1844
PHP_MySQL Developer

https://losangeles.craigslist.org/lgb/sof/d/junior-qa-analyst-trainee-9am/6680085802.html
20180824.1653
Junior QA Analyst Trainee - 9am-6pm
http://sqasquared.com

https://losangeles.craigslist.org/sfv/sof/d/computer-engineer/6679632557.html
20180824.0931
Computer Engineer
vsmith@gv-systems.com

https://losangeles.craigslist.org/sfv/sof/d/software-developer/6679107398.html
20180823.1526
Software Developer

https://losangeles.craigslist.org/lac/sof/d/client-relations-assosciate/6679085066.html
20180823.1459
Client Relations Assosciate

https://losangeles.craigslist.org/sfv/sof/d/it-project-manager-must-be/6679083856.html
20180823.1458
IT Project Manager - Must be PMP Certified
https://www.procore.com

https://losangeles.craigslist.org/wst/sof/d/experienced-mean-mern-stack/6678310189.html
20180822.1716
Experienced MEAN/MERN stack developer

https://losangeles.craigslist.org/sfv/sof/d/hiring-part-time-in-house-app/6677381550.html
20180821.1628
Hiring Part-Time In-house App and Web Developer Programmer

https://losangeles.craigslist.org/lac/sof/d/music-reviewer-culver-city/6677207878.html
20180821.1315
Music Reviewer | Culver City
https://portal.moravia.com

https://losangeles.craigslist.org/lac/sof/d/localization-qa-tester-culver/6677206161.html
20180821.1314
Localization QA Tester | Culver City
https://portal.moravia.com

https://losangeles.craigslist.org/lac/sof/d/business-and-erp-wms-systems/6677173505.html
20180821.1243
Business and ERP/WMS Systems Consultant

https://losangeles.craigslist.org/wst/sof/d/senior-web-developer/6677142434.html
20180821.1214
Senior Web Developer

https://losangeles.craigslist.org/wst/sof/d/full-stack-software-engineer/6677120150.html
20180821.1155
Full Stack Software Engineer TypeScript
https://www.tuition.io

https://losangeles.craigslist.org/lac/sof/d/calling-all-software-savants/6676971478.html
20180821.0945
Calling all software savants. New Project. Big opportunity.

https://losangeles.craigslist.org/lac/sof/d/senior-ruby-developer/6676926301.html
20180821.0908
Senior Ruby Developer

https://losangeles.craigslist.org/wst/sof/d/its-business-intelligence-and/6676825795.html
20180821.0738
ITS Business Intelligence and Analytics Engineer
http://jobs.lmu.edu

https://losangeles.craigslist.org/sfv/sof/d/hiring-mobile-app-developer/6676310074.html
20180820.1347
Hiring Mobile App Developer for iOS + Android ... Salary + Equity

https://losangeles.craigslist.org/wst/sof/d/insurance-product-analyst/6676266922.html
20180820.1307
Insurance Product analyst

https://losangeles.craigslist.org/sfv/sof/d/data-processor/6676077152.html
20180820.1027
***DATA PROCESSOR***

https://losangeles.craigslist.org/lgb/sof/d/visual-developer-for/6675183615.html
20180819.0940
Visual C# developer for engineering utility app, on-site required

https://losangeles.craigslist.org/wst/sof/d/software-engineer/6673945480.html
20180817.1609
Software Engineer C#

https://losangeles.craigslist.org/lac/sof/d/pl-sql-programmer-analyst/6673894322.html
20180817.1508
PL/SQL Programmer Analyst

https://losangeles.craigslist.org/lgb/sof/d/technical-support-center/6673710602.html
20180817.1211
Technical Support Center Supervisor
http://sqasquared.com

https://losangeles.craigslist.org/wst/sof/d/it-software-developer/6673699601.html
20180817.1202
IT/ Software Developer/ Programmer  for Leading International Company

https://losangeles.craigslist.org/lgb/sof/d/junior-qa-analyst-trainee-3pm/6673697309.html
20180817.1200
Junior QA Analyst Trainee - 3pm-12am
http://sqasquared.com

https://losangeles.craigslist.org/sfv/sof/d/sql-developer/6673644017.html
20180817.1115
SQL Developer

https://losangeles.craigslist.org/sfv/sof/d/computer-engineer/6673558212.html
20180817.1003
Computer Engineer
vsmith@gv-systems.com

https://losangeles.craigslist.org/wst/sof/d/senior-qa-tester/6672989533.html
20180816.1506
Senior QA Tester

https://losangeles.craigslist.org/sgv/sof/d/landscape-designer/6672790521.html
20180816.1149
Landscape Designer

https://losangeles.craigslist.org/sfv/sof/d/pcb-designer-layout-hardware/6672199424.html
20180815.1751
PCB Designer / Layout Hardware Developer with Exp for Industrial Equip

https://ventura.craigslist.org/sof/d/technical-writer/6679199408.html
20180823.1734
Technical Writer
http://www.yardi.com

https://ventura.craigslist.org/sof/d/quality-assurance-specialist/6679197481.html
20180823.1731
Quality Assurance Specialist
http://www.yardi.com

https://ventura.craigslist.org/sof/d/database-administrator/6679190715.html
20180823.1720
Database Administrator
http://www.yardi.com

https://ventura.craigslist.org/sof/d/data-processor/6676112989.html
20180820.1056
***DATA PROCESSOR***

https://sandiego.craigslist.org/csd/sof/d/line-of-business-developer/6679997503.html
20180824.1502
Line of Business Developer
http://www.seescan.com

https://sandiego.craigslist.org/csd/sof/d/software-engineer-product-lead/6679976620.html
20180824.1440
Software Engineer (Product Lead)
http://www.seescan.com

https://sandiego.craigslist.org/csd/sof/d/software-engineer-embedded/6679974386.html
20180824.1437
Software Engineer (Embedded Linux)
http://www.seescan.com

https://sandiego.craigslist.org/csd/sof/d/senior-php-programmer/6679907323.html
20180824.1331
Senior PHP Programmer

https://sandiego.craigslist.org/nsd/sof/d/bad-ass-full-stack-net/6679309940.html
20180823.2126
Bad-ass Full Stack .Net Developer NEEDED

https://sandiego.craigslist.org/nsd/sof/d/ios-iphone-ipad-app-developer/6679077107.html
20180823.1450
 iOS iPhone/iPad App Developer (fun projects!)

https://sandiego.craigslist.org/csd/sof/d/mcsa-instructors-needed/6678845123.html
20180823.1101
MCSA Instructors Needed - Windows Server &amp; SQL Database
http://nhlearninggroup.atsondemand.com

https://sandiego.craigslist.org/csd/sof/d/ios-developer-for-san-diego/6678364699.html
20180822.1843
IOS Developer for San Diego start-up

https://sandiego.craigslist.org/csd/sof/d/software-engineer-windows-os/6678227618.html
20180822.1526
Software Engineer, Windows OS Internals

https://sandiego.craigslist.org/nsd/sof/d/software-engineer-analytics/6677943911.html
20180822.1046
Software Engineer I Analytics

https://sandiego.craigslist.org/csd/sof/d/java-developer/6677026857.html
20180821.1033
Java Developer
requests@soft-pak.com

https://sandiego.craigslist.org/csd/sof/d/scientist-nmfs-parr-data/6676699257.html
20180821.0413
Scientist- NMFS PARR Data Management and Archiving

https://sandiego.craigslist.org/nsd/sof/d/sr-web-developer-in-house/6676351656.html
20180820.1427
SR WEB DEVELOPER (IN-HOUSE)
https://www.miva.com

https://sandiego.craigslist.org/csd/sof/d/it-manager/6676229995.html
20180820.1234
IT Manager

https://sandiego.craigslist.org/csd/sof/d/senior-full-stack-java/6674141929.html
20180817.2314
Senior Full-stack javascript developer

https://sandiego.craigslist.org/nsd/sof/d/senior-java-developer-atg/6673957629.html
20180817.1625
Senior Java Developer - ATG/Oracle Ecommerce

https://sandiego.craigslist.org/nsd/sof/d/software-engineer-in-advanced/6673845010.html
20180817.1417
C# Software Engineer in Advanced Biotechnology

https://sandiego.craigslist.org/csd/sof/d/litigation-support-clerk/6672778261.html
20180816.1138
Litigation Support Clerk

https://sandiego.craigslist.org/csd/sof/d/hiring-embedded-software/6672601308.html
20180816.0905
Hiring Embedded Software Engineer in San Diego, CA.

https://sandiego.craigslist.org/csd/sof/d/software-engineer-web/6672225284.html
20180815.1833
Software Engineer - Web/Database/Communications

https://sandiego.craigslist.org/csd/sof/d/full-stack-php-developer-and/6672199864.html
20180815.1751
Full stack PHP developer and DevOps

https://tijuana.craigslist.com.mx/sof/d/now-hiring-bilingual-agents/6677545286.html
20180824.1718
NOW HIRING !!! BILINGUAL AGENTS (STUDENT LOANS/SALES/ COLLECTIONS)

https://tijuana.craigslist.com.mx/sof/d/now-hiring-bilingual-agents/6677471088.html
20180824.1716
NOW HIRING !!! BILINGUAL AGENTS (STUDENT LOANS/SALES/ COLLECTIONS)

https://tijuana.craigslist.com.mx/sof/d/now-hiring-bilingual-agents/6677914278.html
20180824.1242
NOW HIRING !!! BILINGUAL AGENTS (STUDENT LOANS/SALES/ COLLECTIONS)

https://tijuana.craigslist.com.mx/sof/d/asesores-telefnicos-bilingues/6679686792.html
20180824.1020
ASESORES TELEFÓNICOS BILINGUES

https://tijuana.craigslist.com.mx/sof/d/california-contact-centers/6679126908.html
20180823.1555
CALIFORNIA CONTACT CENTERS

https://tijuana.craigslist.com.mx/sof/d/se-solicitan-agentes/6679107009.html
20180823.1529
SE SOLICITAN AGENTES TELEFÓNICOS BILINGUES

https://tijuana.craigslist.com.mx/sof/d/se-solicitan-agentes/6673939189.html
20180823.1500
SE SOLICITAN AGENTES TELEFÓNICOS BILINGUES

https://tijuana.craigslist.com.mx/sof/d/california-contact-centers/6678974412.html
20180823.1307
CALIFORNIA CONTACT CENTERS

https://tijuana.craigslist.com.mx/sof/d/trabaja-desde-casa-solo/6671215890.html
20180823.1243
TRABAJA DESDE CASA (SOLO BILINGUES)

https://tijuana.craigslist.com.mx/sof/d/123-websites-is-looking-for/6657541407.html
20180823.1234
123 Websites is looking for WordPress Developer

https://tijuana.craigslist.com.mx/sof/d/trabaja-desde-casa-solo/6672034483.html
20180823.1106
TRABAJA DESDE CASA (SOLO BILINGUES)

https://tijuana.craigslist.com.mx/sof/d/se-solicitan-agentes/6673195537.html
20180823.1105
SE SOLICITAN AGENTES TELEFÓNICOS BILINGUES

https://tijuana.craigslist.com.mx/sof/d/se-contratan-asesores/6653932874.html
20180823.1015
SE CONTRATAN ASESORES TELEFÓNICOS BILINGUES

https://tijuana.craigslist.com.mx/sof/d/trabaja-desde-casa-solo/6672731785.html
20180822.1929
TRABAJA DESDE CASA (SOLO BILINGUES)

https://tijuana.craigslist.com.mx/sof/d/opportunity-for-2-bilingual/6678307483.html
20180822.1716
Opportunity for 2 bilingual phone operators!
https://www.google.com

https://tijuana.craigslist.com.mx/sof/d/california-contact-centers/6678245768.html
20180822.1553
California Contact Centers

https://tijuana.craigslist.com.mx/sof/d/california-contact-centers/6678022294.html
20180822.1200
CALIFORNIA CONTACT CENTERS

https://tijuana.craigslist.com.mx/sof/d/california-contact-centers/6677871766.html
20180822.0947
CALIFORNIA CONTACT CENTERS

https://tijuana.craigslist.com.mx/sof/d/software-eningeer/6677712507.html
20180822.0813
Software Eningeer

https://tijuana.craigslist.com.mx/sof/d/california-contact-centers/6677342803.html
20180821.1543
CALIFORNIA CONTACT CENTERS

https://tijuana.craigslist.com.mx/sof/d/trabaja-desde-casa-solo/6672924233.html
20180821.1533
TRABAJA DESDE CASA (SOLO BILINGUES)

https://tijuana.craigslist.com.mx/sof/d/california-contact-centers/6677240507.html
20180821.1352
CALIFORNIA CONTACT CENTERS

https://tijuana.craigslist.com.mx/sof/d/web-developer/6663667312.html
20180821.1137
web Developer

https://tijuana.craigslist.com.mx/sof/d/california-contact-centers/6677051395.html
20180821.1058
CALIFORNIA CONTACT CENTERS

https://tijuana.craigslist.com.mx/sof/d/se-solicita-prospectador/6676495410.html
20180820.1717
SE SOLICITA PROSPECTADOR TELEFÓNICO - TURNO COMPLETO

https://tijuana.craigslist.com.mx/sof/d/opportunity-for-few-bilingual/6676186307.html
20180820.1209
Opportunity for a few bilingual phone operators!
https://www.google.com

https://tijuana.craigslist.com.mx/sof/d/ingeniero-software/6673899679.html
20180817.1519
Ingeniero Software

https://tijuana.craigslist.com.mx/sof/d/lamp-developer-to-join/6673698954.html
20180817.1206
LAMP Developer to join Software Office in Playas de Tijuana

https://tijuana.craigslist.com.mx/sof/d/california-contact-centers/6673063398.html
20180816.1644
CALIFORNIA CONTACT CENTERS

https://tijuana.craigslist.com.mx/sof/d/se-solicitan-prospectadores/6672206875.html
20180815.1806
Se solicitan PROSPECTADORES TELEFONICOS - Medio turno y Turno completo

https://tijuana.craigslist.com.mx/sof/d/opportunity-for-few-bilingual/6672162526.html
20180815.1700
Opportunity for a few bilingual phone operators!
https://www.google.com

